<?xml version="1.0" encoding="UTF-8"?>
<!-- Generated by org.testng.reporters.JUnitReportReporter -->
<testsuite hostname="Rohits-MacBook-Air.local" failures="0" tests="3" name="Selenium.Cucumber.RunCucumberTest" time="28.857" errors="0" timestamp="2024-12-29T09:44:39 IST" skipped="0">
  <testcase classname="Selenium.Cucumber.RunCucumberTest" name="runScenario" time="9.608"/>
  <testcase classname="Selenium.Cucumber.RunCucumberTest" name="runScenario" time="9.625"/>
  <testcase classname="Selenium.Cucumber.RunCucumberTest" name="runScenario" time="9.624"/>
</testsuite> <!-- Selenium.Cucumber.RunCucumberTest -->
